Handling lib "rpc-service-config"...
Handling lib "ca-bundle"...
Handling lib "Success, built my-app/esp8266 version 1.0 (20180610-111915/???).
Firmware saved to build\fw.zip
ing lib "rpc-mqtt"...
Handling lib "mjs"...
The --lib flag was not given for it, checking repository
The --lib flag was not given for it, checking repository
The --lib flag was not given for it, checking repository
The --lib flag was not given for it, checking repository
The --lib flag was not given for it, checking repository
The --lib flag was not given for it, checking repository
The --lib flag was not given for it, checking repository
The --lib flag was not given for it, checking repository
Prebuilt binary for "rpc-uart" already exists
Prepared local dir: "/fwbuild-volumes/2.2/apps/my-app/esp8266/build_contexts/build_ctx_061252532/libs/rpc-uart"
Prebuilt binary for "rpc-mqtt" already exists
Prepared local dir: "/fwbuild-volumes/2.2/apps/my-app/esp8266/build_contexts/build_ctx_061252532/libs/rpc-mqtt"
Handling lib "rpc-common"...
Prebuilt binary for "ca-bundle" already exists
The --lib flag was not given for it, checking repository
Prepared local dir: "/fwbuild-volumes/2.2/apps/my-app/esp8266/build_contexts/build_ctx_061252532/libs/ca-bundle"
Handling lib "mqtt"...
Lib "gcp" is optional, skipping
Lib "azure" is optional, skipping
Lib "rpc-common" is already handled, skipping
Prebuilt binary for "rpc-service-fs" already exists
Lib "aws" is optional, skipping
Prepared local dir: "/fwbuild-volumes/2.2/apps/my-app/esp8266/build_contexts/build_ctx_061252532/libs/rpc-service-fs"
Handling lib "mongoose"...
Lib "watson" is optional, skipping
The --lib flag was not given for it, checking repository
The --lib flag was not given for it, checking repository
Prebuilt binary for "rpc-service-config" already exists
Prepared local dir: "/fwbuild-volumes/2.2/apps/my-app/esp8266/build_contexts/build_ctx_061252532/libs/rpc-service-config"
Lib "rpc-common" is already handled, skipping
Lib "rpc-common" is already handled, skipping
Prebuilt binary for "dht" already exists
Prepared local dir: "/fwbuild-volumes/2.2/apps/my-app/esp8266/build_contexts/build_ctx_061252532/libs/dht"
Prebuilt binary for "mongoose" already exists
Prepared local dir: "/fwbuild-volumes/2.2/apps/my-app/esp8266/build_contexts/build_ctx_061252532/libs/mongoose"
Prebuilt binary for "mqtt" already exists
Prepared local dir: "/fwbuild-volumes/2.2/apps/my-app/esp8266/build_contexts/build_ctx_061252532/libs/mqtt"
Lib "mongoose" is already handled, skipping
Falling back to sources for "mjs" (failed to fetch prebuilt binary: got 404 status code when accessed https://github.com/mongoose-os-libs/mjs/releases/download/2.2/libmjs-esp8266.a)
Prepared local dir: "/fwbuild-volumes/2.2/apps/my-app/esp8266/build_contexts/build_ctx_061252532/libs/mjs"
Lib "mongoose" is already handled, skipping
Falling back to sources for "rpc-common" (failed to fetch prebuilt binary: got 404 status code when accessed https://github.com/mongoose-os-libs/rpc-common/releases/download/2.2/librpc-common-esp8266.a)
Prepared local dir: "/fwbuild-volumes/2.2/apps/my-app/esp8266/build_contexts/build_ctx_061252532/libs/rpc-common"
Lib "http-server" is optional, skipping
Falling back to sources for "wifi" (failed to fetch prebuilt binary: got 404 status code when accessed https://github.com/mongoose-os-libs/wifi/releases/download/2.2/libwifi-esp8266.a)
Prepared local dir: "/fwbuild-volumes/2.2/apps/my-app/esp8266/build_contexts/build_ctx_061252532/libs/wifi"
Lib "mongoose" is already handled, skipping
The flag --module is not given for the module "mjs_module", going to use the repository
The flag --repo is not given, going to use mongoose-os repository
Sources: [/fwbuild-volumes/2.2/apps/my-app/esp8266/build_contexts/build_ctx_061252532/src/main.c /fwbuild-volumes/2.2/apps/my-app/esp8266/build_contexts/build_ctx_061252532/build/gen/mgos_deps_init.c /fwbuild-volumes/2.2/apps/my-app/esp8266/build_contexts/build_ctx_061252532/libs/ca-bundle/src/mgos_ca_bundle.c /fwbuild-volumes/2.2/apps/my-app/esp8266/build_contexts/build_ctx_061252532/libs/dht/src/mgos_dht.c /fwbuild-volumes/2.2/apps/my-app/esp8266/build_contexts/build_ctx_061252532/libs/mjs/src/mos_mjs.c /fwbuild-volumes/2.2/apps/my-app/esp8266/build_contexts/build_ctx_061252532/modules/mjs_module/mjs.c /fwbuild-volumes/2.2/apps/my-app/esp8266/build_contexts/build_ctx_061252532/libs/mjs/esp8266/src/esp8266_mjs.c /fwbuild-volumes/2.2/apps/my-app/esp8266/build_contexts/build_ctx_061252532/libs/mqtt/src/mgos_mqtt.c /fwbuild-volumes/2.2/apps/my-app/esp8266/build_contexts/build_ctx_061252532/libs/rpc-common/src/mg_rpc/mg_rpc.c /fwbuild-volumes/2.2/apps/my-app/esp8266/build_contexts/build_ctx_061252532/libs/rpc-common/src/mg_rpc/mg_rpc_channel.c /fwbuild-volumes/2.2/apps/my-app/esp8266/build_contexts/build_ctx_061252532/libs/rpc-common/src/mg_rpc/mg_rpc_channel_http.c /fwbuild-volumes/2.2/apps/my-app/esp8266/build_contexts/build_ctx_061252532/libs/rpc-common/src/mg_rpc/mg_rpc_channel_ws.c /fwbuild-volumes/2.2/apps/my-app/esp8266/build_contexts/build_ctx_061252532/libs/rpc-common/src/mgos_rpc.c /fwbuild-volumes/2.2/apps/my-app/esp8266/build_contexts/build_ctx_061252532/libs/rpc-mqtt/src/mgos_rpc_channel_mqtt.c /fwbuild-volumes/2.2/apps/my-app/esp8266/build_contexts/build_ctx_061252532/libs/rpc-service-config/src/mgos_service_config.c /fwbuild-volumes/2.2/apps/my-app/esp8266/build_contexts/build_ctx_061252532/libs/rpc-service-fs/src/mgos_service_filesystem.c /fwbuild-volumes/2.2/apps/my-app/esp8266/build_contexts/build_ctx_061252532/libs/rpc-uart/src/mgos_rpc_channel_uart.c /fwbuild-volumes/2.2/apps/my-app/esp8266/build_contexts/build_ctx_061252532/libs/wifi/src/mgos_wifi.c /fwbuild-volumes/2.2/apps/my-app/esp8266/build_contexts/build_ctx_061252532/libs/wifi/src/mjs_wifi.c /fwbuild-volumes/2.2/apps/my-app/esp8266/build_contexts/build_ctx_061252532/libs/wifi/esp8266/src/esp_wifi.c]
Include dirs: [/fwbuild-volumes/2.2/apps/my-app/esp8266/build_contexts/build_ctx_061252532/libs/mongoose/include /fwbuild-volumes/2.2/apps/my-app/esp8266/build_contexts/build_ctx_061252532/libs/dht/include /fwbuild-volumes/2.2/apps/my-app/esp8266/build_contexts/build_ctx_061252532/libs/mjs/include /fwbuild-volumes/2.2/apps/my-app/esp8266/build_contexts/build_ctx_061252532/libs/mqtt/include /fwbuild-volumes/2.2/apps/my-app/esp8266/build_contexts/build_ctx_061252532/libs/rpc-common/include/mg_rpc /fwbuild-volumes/2.2/apps/my-app/esp8266/build_contexts/build_ctx_061252532/libs/rpc-common/include /fwbuild-volumes/2.2/apps/my-app/esp8266/build_contexts/build_ctx_061252532/libs/rpc-mqtt/include /fwbuild-volumes/2.2/apps/my-app/esp8266/build_contexts/build_ctx_061252532/libs/rpc-service-config/include /fwbuild-volumes/2.2/apps/my-app/esp8266/build_contexts/build_ctx_061252532/libs/rpc-service-fs/include /fwbuild-volumes/2.2/apps/my-app/esp8266/build_contexts/build_ctx_061252532/libs/rpc-uart/include /fwbuild-volumes/2.2/apps/my-app/esp8266/build_contexts/build_ctx_061252532/libs/wifi/include]
Binary libs: [/fwbuild-volumes/2.2/apps/my-app/esp8266/build_contexts/build_ctx_061252532/libs/mongoose/lib/esp8266/libmongoose.a]
Building...
mount from "/fwbuild-volumes/2.2/apps/my-app/esp8266/build_contexts/build_ctx_061252532" to "/app"
mount from "/fwbuild-volumes/2.2/apps/my-app/esp8266/build_contexts/build_ctx_061252532/modules/mongoose-os" to "/mongoose-os"
mount from "/fwbuild-volumes/2.2/apps/my-app/esp8266/build_contexts/build_ctx_061252532/modules/mongoose-os" to "/fwbuild-volumes/2.2/apps/my-app/esp8266/build_contexts/build_ctx_061252532/modules/mongoose-os"
mount from "/fwbuild-volumes/2.2/apps/my-app/esp8266/build_contexts/build_ctx_061252532/build" to "/fwbuild-volumes/2.2/apps/my-app/esp8266/build_contexts/build_ctx_061252532/build"
mount from "/fwbuild-volumes/2.2/apps/my-app/esp8266/build_contexts/build_ctx_061252532/src" to "/fwbuild-volumes/2.2/apps/my-app/esp8266/build_contexts/build_ctx_061252532/src"
mount from "/fwbuild-volumes/2.2/apps/my-app/esp8266/build_contexts/build_ctx_061252532/build/gen" to "/fwbuild-volumes/2.2/apps/my-app/esp8266/build_contexts/build_ctx_061252532/build/gen"
mount from "/fwbuild-volumes/2.2/apps/my-app/esp8266/build_contexts/build_ctx_061252532/libs/ca-bundle/src" to "/fwbuild-volumes/2.2/apps/my-app/esp8266/build_contexts/build_ctx_061252532/libs/ca-bundle/src"
mount from "/fwbuild-volumes/2.2/apps/my-app/esp8266/build_contexts/build_ctx_061252532/libs/dht/src" to "/fwbuild-volumes/2.2/apps/my-app/esp8266/build_contexts/build_ctx_061252532/libs/dht/src"
mount from "/fwbuild-volumes/2.2/apps/my-app/esp8266/build_contexts/build_ctx_061252532/libs/mjs/src" to "/fwbuild-volumes/2.2/apps/my-app/esp8266/build_contexts/build_ctx_061252532/libs/mjs/src"
mount from "/fwbuild-volumes/2.2/apps/my-app/esp8266/build_contexts/build_ctx_061252532/modules/mjs_module" to "/fwbuild-volumes/2.2/apps/my-app/esp8266/build_contexts/build_ctx_061252532/modules/mjs_module"
mount from "/fwbuild-volumes/2.2/apps/my-app/esp8266/build_contexts/build_ctx_061252532/libs/mjs/esp8266/src" to "/fwbuild-volumes/2.2/apps/my-app/esp8266/build_contexts/build_ctx_061252532/libs/mjs/esp8266/src"
mount from "/fwbuild-volumes/2.2/apps/my-app/esp8266/build_contexts/build_ctx_061252532/libs/mqtt/src" to "/fwbuild-volumes/2.2/apps/my-app/esp8266/build_contexts/build_ctx_061252532/libs/mqtt/src"
mount from "/fwbuild-volumes/2.2/apps/my-app/esp8266/build_contexts/build_ctx_061252532/libs/rpc-common/src/mg_rpc" to "/fwbuild-volumes/2.2/apps/my-app/esp8266/build_contexts/build_ctx_061252532/libs/rpc-common/src/mg_rpc"
mount from "/fwbuild-volumes/2.2/apps/my-app/esp8266/build_contexts/build_ctx_061252532/libs/rpc-common/src" to "/fwbuild-volumes/2.2/apps/my-app/esp8266/build_contexts/build_ctx_061252532/libs/rpc-common/src"
mount from "/fwbuild-volumes/2.2/apps/my-app/esp8266/build_contexts/build_ctx_061252532/libs/rpc-mqtt/src" to "/fwbuild-volumes/2.2/apps/my-app/esp8266/build_contexts/build_ctx_061252532/libs/rpc-mqtt/src"
mount from "/fwbuild-volumes/2.2/apps/my-app/esp8266/build_contexts/build_ctx_061252532/libs/rpc-service-config/src" to "/fwbuild-volumes/2.2/apps/my-app/esp8266/build_contexts/build_ctx_061252532/libs/rpc-service-config/src"
mount from "/fwbuild-volumes/2.2/apps/my-app/esp8266/build_contexts/build_ctx_061252532/libs/rpc-service-fs/src" to "/fwbuild-volumes/2.2/apps/my-app/esp8266/build_contexts/build_ctx_061252532/libs/rpc-service-fs/src"
mount from "/fwbuild-volumes/2.2/apps/my-app/esp8266/build_contexts/build_ctx_061252532/libs/rpc-uart/src" to "/fwbuild-volumes/2.2/apps/my-app/esp8266/build_contexts/build_ctx_061252532/libs/rpc-uart/src"
mount from "/fwbuild-volumes/2.2/apps/my-app/esp8266/build_contexts/build_ctx_061252532/libs/wifi/src" to "/fwbuild-volumes/2.2/apps/my-app/esp8266/build_contexts/build_ctx_061252532/libs/wifi/src"
mount from "/fwbuild-volumes/2.2/apps/my-app/esp8266/build_contexts/build_ctx_061252532/libs/wifi/esp8266/src" to "/fwbuild-volumes/2.2/apps/my-app/esp8266/build_contexts/build_ctx_061252532/libs/wifi/esp8266/src"
mount from "/fwbuild-volumes/2.2/apps/my-app/esp8266/build_contexts/build_ctx_061252532/libs/mongoose/include" to "/fwbuild-volumes/2.2/apps/my-app/esp8266/build_contexts/build_ctx_061252532/libs/mongoose/include"
mount from "/fwbuild-volumes/2.2/apps/my-app/esp8266/build_contexts/build_ctx_061252532/libs/dht/include" to "/fwbuild-volumes/2.2/apps/my-app/esp8266/build_contexts/build_ctx_061252532/libs/dht/include"
mount from "/fwbuild-volumes/2.2/apps/my-app/esp8266/build_contexts/build_ctx_061252532/libs/mjs/include" to "/fwbuild-volumes/2.2/apps/my-app/esp8266/build_contexts/build_ctx_061252532/libs/mjs/include"
mount from "/fwbuild-volumes/2.2/apps/my-app/esp8266/build_contexts/build_ctx_061252532/libs/mqtt/include" to "/fwbuild-volumes/2.2/apps/my-app/esp8266/build_contexts/build_ctx_061252532/libs/mqtt/include"
mount from "/fwbuild-volumes/2.2/apps/my-app/esp8266/build_contexts/build_ctx_061252532/libs/rpc-common/include/mg_rpc" to "/fwbuild-volumes/2.2/apps/my-app/esp8266/build_contexts/build_ctx_061252532/libs/rpc-common/include/mg_rpc"
mount from "/fwbuild-volumes/2.2/apps/my-app/esp8266/build_contexts/build_ctx_061252532/libs/rpc-common/include" to "/fwbuild-volumes/2.2/apps/my-app/esp8266/build_contexts/build_ctx_061252532/libs/rpc-common/include"
mount from "/fwbuild-volumes/2.2/apps/my-app/esp8266/build_contexts/build_ctx_061252532/libs/rpc-mqtt/include" to "/fwbuild-volumes/2.2/apps/my-app/esp8266/build_contexts/build_ctx_061252532/libs/rpc-mqtt/include"
mount from "/fwbuild-volumes/2.2/apps/my-app/esp8266/build_contexts/build_ctx_061252532/libs/rpc-service-config/include" to "/fwbuild-volumes/2.2/apps/my-app/esp8266/build_contexts/build_ctx_061252532/libs/rpc-service-config/include"
mount from "/fwbuild-volumes/2.2/apps/my-app/esp8266/build_contexts/build_ctx_061252532/libs/rpc-service-fs/include" to "/fwbuild-volumes/2.2/apps/my-app/esp8266/build_contexts/build_ctx_061252532/libs/rpc-service-fs/include"
mount from "/fwbuild-volumes/2.2/apps/my-app/esp8266/build_contexts/build_ctx_061252532/libs/rpc-uart/include" to "/fwbuild-volumes/2.2/apps/my-app/esp8266/build_contexts/build_ctx_061252532/libs/rpc-uart/include"
mount from "/fwbuild-volumes/2.2/apps/my-app/esp8266/build_contexts/build_ctx_061252532/libs/wifi/include" to "/fwbuild-volumes/2.2/apps/my-app/esp8266/build_contexts/build_ctx_061252532/libs/wifi/include"
mount from "/fwbuild-volumes/2.2/apps/my-app/esp8266/build_contexts/build_ctx_061252532/libs/ca-bundle/fs" to "/fwbuild-volumes/2.2/apps/my-app/esp8266/build_contexts/build_ctx_061252532/libs/ca-bundle/fs"
mount from "/fwbuild-volumes/2.2/apps/my-app/esp8266/build_contexts/build_ctx_061252532/libs/mjs/fs" to "/fwbuild-volumes/2.2/apps/my-app/esp8266/build_contexts/build_ctx_061252532/libs/mjs/fs"
mount from "/fwbuild-volumes/2.2/apps/my-app/esp8266/build_contexts/build_ctx_061252532/modules/mjs_module/mjs/lib" to "/fwbuild-volumes/2.2/apps/my-app/esp8266/build_contexts/build_ctx_061252532/modules/mjs_module/mjs/lib"
mount from "/fwbuild-volumes/2.2/apps/my-app/esp8266/build_contexts/build_ctx_061252532/libs/dht/mjs_fs" to "/fwbuild-volumes/2.2/apps/my-app/esp8266/build_contexts/build_ctx_061252532/libs/dht/mjs_fs"
mount from "/fwbuild-volumes/2.2/apps/my-app/esp8266/build_contexts/build_ctx_061252532/libs/mqtt/mjs_fs" to "/fwbuild-volumes/2.2/apps/my-app/esp8266/build_contexts/build_ctx_061252532/libs/mqtt/mjs_fs"
mount from "/fwbuild-volumes/2.2/apps/my-app/esp8266/build_contexts/build_ctx_061252532/libs/rpc-common/mjs_fs" to "/fwbuild-volumes/2.2/apps/my-app/esp8266/build_contexts/build_ctx_061252532/libs/rpc-common/mjs_fs"
mount from "/fwbuild-volumes/2.2/apps/my-app/esp8266/build_contexts/build_ctx_061252532/libs/wifi/mjs_fs" to "/fwbuild-volumes/2.2/apps/my-app/esp8266/build_contexts/build_ctx_061252532/libs/wifi/mjs_fs"
mount from "/fwbuild-volumes/2.2/apps/my-app/esp8266/build_contexts/build_ctx_061252532/libs/mjs/esp8266/fs" to "/fwbuild-volumes/2.2/apps/my-app/esp8266/build_contexts/build_ctx_061252532/libs/mjs/esp8266/fs"
mount from "/fwbuild-volumes/2.2/apps/my-app/esp8266/build_contexts/build_ctx_061252532/fs" to "/fwbuild-volumes/2.2/apps/my-app/esp8266/build_contexts/build_ctx_061252532/fs"
mount from "/fwbuild-volumes/2.2/apps/my-app/esp8266/build_contexts/build_ctx_061252532/libs/mongoose/lib/esp8266" to "/fwbuild-volumes/2.2/apps/my-app/esp8266/build_contexts/build_ctx_061252532/libs/mongoose/lib/esp8266"
mount from "/fwbuild-volumes/2.2/apps/my-app/esp8266/build_contexts/build_ctx_061252532/build/gen" to "/fwbuild-volumes/2.2/apps/my-app/esp8266/build_contexts/build_ctx_061252532/build/gen"
Docker arguments: run --name mos_build_2018-06-10T11-24-05-00_7213353984132625965 --rm -i -v /fwbuild-volumes/2.2/apps/my-app/esp8266/build_contexts/build_ctx_061252532:/app -v /fwbuild-volumes/2.2/apps/my-app/esp8266/build_contexts/build_ctx_061252532/libs/ca-bundle/src:/fwbuild-volumes/2.2/apps/my-app/esp8266/build_contexts/build_ctx_061252532/libs/ca-bundle/src -v /fwbuild-volumes/2.2/apps/my-app/esp8266/build_contexts/build_ctx_061252532/libs/wifi/src:/fwbuild-volumes/2.2/apps/my-app/esp8266/build_contexts/build_ctx_061252532/libs/wifi/src -v /fwbuild-volumes/2.2/apps/my-app/esp8266/build_contexts/build_ctx_061252532/libs/rpc-uart/include:/fwbuild-volumes/2.2/apps/my-app/esp8266/build_contexts/build_ctx_061252532/libs/rpc-uart/include -v /fwbuild-volumes/2.2/apps/my-app/esp8266/build_contexts/build_ctx_061252532/libs/mjs/fs:/fwbuild-volumes/2.2/apps/my-app/esp8266/build_contexts/build_ctx_061252532/libs/mjs/fs -v /fwbuild-volumes/2.2/apps/my-app/esp8266/build_contexts/build_ctx_061252532/modules/mongoose-os:/fwbuild-volumes/2.2/apps/my-app/esp8266/build_contexts/build_ctx_061252532/modules/mongoose-os -v /fwbuild-volumes/2.2/apps/my-app/esp8266/build_contexts/build_ctx_061252532/libs/mqtt/src:/fwbuild-volumes/2.2/apps/my-app/esp8266/build_contexts/build_ctx_061252532/libs/mqtt/src -v /fwbuild-volumes/2.2/apps/my-app/esp8266/build_contexts/build_ctx_061252532/libs/mongoose/include:/fwbuild-volumes/2.2/apps/my-app/esp8266/build_contexts/build_ctx_061252532/libs/mongoose/include -v /fwbuild-volumes/2.2/apps/my-app/esp8266/build_contexts/build_ctx_061252532/libs/dht/include:/fwbuild-volumes/2.2/apps/my-app/esp8266/build_contexts/build_ctx_061252532/libs/dht/include -v /fwbuild-volumes/2.2/apps/my-app/esp8266/build_contexts/build_ctx_061252532/libs/mqtt/include:/fwbuild-volumes/2.2/apps/my-app/esp8266/build_contexts/build_ctx_061252532/libs/mqtt/include -v /fwbuild-volumes/2.2/apps/my-app/esp8266/build_contexts/build_ctx_061252532/libs/dht/mjs_fs:/fwbuild-volumes/2.2/apps/my-app/esp8266/build_contexts/build_ctx_061252532/libs/dht/mjs_fs -v /fwbuild-volumes/2.2/apps/my-app/esp8266/build_contexts/build_ctx_061252532/fs:/fwbuild-volumes/2.2/apps/my-app/esp8266/build_contexts/build_ctx_061252532/fs -v /fwbuild-volumes/2.2/apps/my-app/esp8266/build_contexts/build_ctx_061252532/build/gen:/fwbuild-volumes/2.2/apps/my-app/esp8266/build_contexts/build_ctx_061252532/build/gen -v /fwbuild-volumes/2.2/apps/my-app/esp8266/build_contexts/build_ctx_061252532/libs/dht/src:/fwbuild-volumes/2.2/apps/my-app/esp8266/build_contexts/build_ctx_061252532/libs/dht/src -v /fwbuild-volumes/2.2/apps/my-app/esp8266/build_contexts/build_ctx_061252532/libs/rpc-common/src/mg_rpc:/fwbuild-volumes/2.2/apps/my-app/esp8266/build_contexts/build_ctx_061252532/libs/rpc-common/src/mg_rpc -v /fwbuild-volumes/2.2/apps/my-app/esp8266/build_contexts/build_ctx_061252532/libs/mjs/include:/fwbuild-volumes/2.2/apps/my-app/esp8266/build_contexts/build_ctx_061252532/libs/mjs/include -v /fwbuild-volumes/2.2/apps/my-app/esp8266/build_contexts/build_ctx_061252532/libs/rpc-common/mjs_fs:/fwbuild-volumes/2.2/apps/my-app/esp8266/build_contexts/build_ctx_061252532/libs/rpc-common/mjs_fs -v /fwbuild-volumes/2.2/apps/my-app/esp8266/build_contexts/build_ctx_061252532/libs/wifi/mjs_fs:/fwbuild-volumes/2.2/apps/my-app/esp8266/build_contexts/build_ctx_061252532/libs/wifi/mjs_fs -v /fwbuild-volumes/2.2/apps/my-app/esp8266/build_contexts/build_ctx_061252532/libs/mjs/esp8266/fs:/fwbuild-volumes/2.2/apps/my-app/esp8266/build_contexts/build_ctx_061252532/libs/mjs/esp8266/fs -v /fwbuild-volumes/2.2/apps/my-app/esp8266/build_contexts/build_ctx_061252532/libs/rpc-mqtt/src:/fwbuild-volumes/2.2/apps/my-app/esp8266/build_contexts/build_ctx_061252532/libs/rpc-mqtt/src -v /fwbuild-volumes/2.2/apps/my-app/esp8266/build_contexts/build_ctx_061252532/libs/rpc-service-config/src:/fwbuild-volumes/2.2/apps/my-app/esp8266/build_contexts/build_ctx_061252532/libs/rpc-service-config/src -v /fwbuild-volumes/2.2/apps/my-app/esp8266/build_contexts/build_ctx_061252532/libs/rpc-service-fs/src:/fwbuild-volumes/2.2/apps/my-app/esp8266/build_contexts/build_ctx_061252532/libs/rpc-service-fs/src -v /fwbuild-volumes/2.2/apps/my-app/esp8266/build_contexts/build_ctx_061252532/libs/rpc-service-config/include:/fwbuild-volumes/2.2/apps/my-app/esp8266/build_contexts/build_ctx_061252532/libs/rpc-service-config/include -v /fwbuild-volumes/2.2/apps/my-app/esp8266/build_contexts/build_ctx_061252532/libs/ca-bundle/fs:/fwbuild-volumes/2.2/apps/my-app/esp8266/build_contexts/build_ctx_061252532/libs/ca-bundle/fs -v /fwbuild-volumes/2.2/apps/my-app/esp8266/build_contexts/build_ctx_061252532/modules/mongoose-os:/mongoose-os -v /fwbuild-volumes/2.2/apps/my-app/esp8266/build_contexts/build_ctx_061252532/modules/mjs_module:/fwbuild-volumes/2.2/apps/my-app/esp8266/build_contexts/build_ctx_061252532/modules/mjs_module -v /fwbuild-volumes/2.2/apps/my-app/esp8266/build_contexts/build_ctx_061252532/libs/rpc-service-fs/include:/fwbuild-volumes/2.2/apps/my-app/esp8266/build_contexts/build_ctx_061252532/libs/rpc-service-fs/include -v /fwbuild-volumes/2.2/apps/my-app/esp8266/build_contexts/build_ctx_061252532/libs/mqtt/mjs_fs:/fwbuild-volumes/2.2/apps/my-app/esp8266/build_contexts/build_ctx_061252532/libs/mqtt/mjs_fs -v /fwbuild-volumes/2.2/apps/my-app/esp8266/build_contexts/build_ctx_061252532/src:/fwbuild-volumes/2.2/apps/my-app/esp8266/build_contexts/build_ctx_061252532/src -v /fwbuild-volumes/2.2/apps/my-app/esp8266/build_contexts/build_ctx_061252532/libs/mjs/src:/fwbuild-volumes/2.2/apps/my-app/esp8266/build_contexts/build_ctx_061252532/libs/mjs/src -v /fwbuild-volumes/2.2/apps/my-app/esp8266/build_contexts/build_ctx_061252532/libs/rpc-uart/src:/fwbuild-volumes/2.2/apps/my-app/esp8266/build_contexts/build_ctx_061252532/libs/rpc-uart/src -v /fwbuild-volumes/2.2/apps/my-app/esp8266/build_contexts/build_ctx_061252532/libs/mjs/esp8266/src:/fwbuild-volumes/2.2/apps/my-app/esp8266/build_contexts/build_ctx_061252532/libs/mjs/esp8266/src -v /fwbuild-volumes/2.2/apps/my-app/esp8266/build_contexts/build_ctx_061252532/libs/wifi/esp8266/src:/fwbuild-volumes/2.2/apps/my-app/esp8266/build_contexts/build_ctx_061252532/libs/wifi/esp8266/src -v /fwbuild-volumes/2.2/apps/my-app/esp8266/build_contexts/build_ctx_061252532/libs/rpc-mqtt/include:/fwbuild-volumes/2.2/apps/my-app/esp8266/build_contexts/build_ctx_061252532/libs/rpc-mqtt/include -v /fwbuild-volumes/2.2/apps/my-app/esp8266/build_contexts/build_ctx_061252532/libs/wifi/include:/fwbuild-volumes/2.2/apps/my-app/esp8266/build_contexts/build_ctx_061252532/libs/wifi/include -v /fwbuild-volumes/2.2/apps/my-app/esp8266/build_contexts/build_ctx_061252532/modules/mjs_module/mjs/lib:/fwbuild-volumes/2.2/apps/my-app/esp8266/build_contexts/build_ctx_061252532/modules/mjs_module/mjs/lib -v /fwbuild-volumes/2.2/apps/my-app/esp8266/build_contexts/build_ctx_061252532/build:/fwbuild-volumes/2.2/apps/my-app/esp8266/build_contexts/build_ctx_061252532/build -v /fwbuild-volumes/2.2/apps/my-app/esp8266/build_contexts/build_ctx_061252532/libs/rpc-common/src:/fwbuild-volumes/2.2/apps/my-app/esp8266/build_contexts/build_ctx_061252532/libs/rpc-common/src -v /fwbuild-volumes/2.2/apps/my-app/esp8266/build_contexts/build_ctx_061252532/libs/rpc-common/include/mg_rpc:/fwbuild-volumes/2.2/apps/my-app/esp8266/build_contexts/build_ctx_061252532/libs/rpc-common/include/mg_rpc -v /fwbuild-volumes/2.2/apps/my-app/esp8266/build_contexts/build_ctx_061252532/libs/rpc-common/include:/fwbuild-volumes/2.2/apps/my-app/esp8266/build_contexts/build_ctx_061252532/libs/rpc-common/include -v /fwbuild-volumes/2.2/apps/my-app/esp8266/build_contexts/build_ctx_061252532/libs/mongoose/lib/esp8266:/fwbuild-volumes/2.2/apps/my-app/esp8266/build_contexts/build_ctx_061252532/libs/mongoose/lib/esp8266 --user 0:0 docker.cesanta.com/esp8266-build:2.2.1-1.5.0-r3 /bin/bash -c nice make '-j' '16' '-C' '/app' '-f' '/mongoose-os/fw/platforms/esp8266/Makefile.build' 'all' 'MGOS_WIFI_ENABLE_AP_STA=1' 'FFI_SYMBOLS=' 'GEN_DIR=/fwbuild-volumes/2.2/apps/my-app/esp8266/build_contexts/build_ctx_061252532/build/gen' 'FW_DIR=build/fw' 'APP_FS_FILES=/fwbuild-volumes/2.2/apps/my-app/esp8266/build_contexts/build_ctx_061252532/libs/ca-bundle/fs/ca.pem /fwbuild-volumes/2.2/apps/my-app/esp8266/build_contexts/build_ctx_061252532/libs/mjs/fs/api_bitbang.js /fwbuild-volumes/2.2/apps/my-app/esp8266/build_contexts/build_ctx_061252532/libs/mjs/fs/api_config.js /fwbuild-volumes/2.2/apps/my-app/esp8266/build_contexts/build_ctx_061252532/libs/mjs/fs/api_events.js /fwbuild-volumes/2.2/apps/my-app/esp8266/build_contexts/build_ctx_061252532/libs/mjs/fs/api_gpio.js /fwbuild-volumes/2.2/apps/my-app/esp8266/build_contexts/build_ctx_061252532/libs/mjs/fs/api_grove.js /fwbuild-volumes/2.2/apps/my-app/esp8266/build_contexts/build_ctx_061252532/libs/mjs/fs/api_http.js /fwbuild-volumes/2.2/apps/my-app/esp8266/build_contexts/build_ctx_061252532/libs/mjs/fs/api_log.js /fwbuild-volumes/2.2/apps/my-app/esp8266/build_contexts/build_ctx_061252532/libs/mjs/fs/api_net.js /fwbuild-volumes/2.2/apps/my-app/esp8266/build_contexts/build_ctx_061252532/libs/mjs/fs/api_sys.js /fwbuild-volumes/2.2/apps/my-app/esp8266/build_contexts/build_ctx_061252532/libs/mjs/fs/api_timer.js /fwbuild-volumes/2.2/apps/my-app/esp8266/build_contexts/build_ctx_061252532/libs/mjs/fs/api_uart.js /fwbuild-volumes/2.2/apps/my-app/esp8266/build_contexts/build_ctx_061252532/libs/mjs/fs/init.js /fwbuild-volumes/2.2/apps/my-app/esp8266/build_contexts/build_ctx_061252532/modules/mjs_module/mjs/lib/api_dataview.js /fwbuild-volumes/2.2/apps/my-app/esp8266/build_contexts/build_ctx_061252532/modules/mjs_module/mjs/lib/api_file.js /fwbuild-volumes/2.2/apps/my-app/esp8266/build_contexts/build_ctx_061252532/modules/mjs_module/mjs/lib/api_math.js /fwbuild-volumes/2.2/apps/my-app/esp8266/build_contexts/build_ctx_061252532/libs/dht/mjs_fs/api_dht.js /fwbuild-volumes/2.2/apps/my-app/esp8266/build_contexts/build_ctx_061252532/libs/mqtt/mjs_fs/api_mqtt.js /fwbuild-volumes/2.2/apps/my-app/esp8266/build_contexts/build_ctx_061252532/libs/rpc-common/mjs_fs/api_rpc.js /fwbuild-volumes/2.2/apps/my-app/esp8266/build_contexts/build_ctx_061252532/libs/wifi/mjs_fs/api_wifi.js /fwbuild-volumes/2.2/apps/my-app/esp8266/build_contexts/build_ctx_061252532/libs/mjs/esp8266/fs/api_arch_uart.js /fwbuild-volumes/2.2/apps/my-app/esp8266/build_contexts/build_ctx_061252532/libs/mjs/esp8266/fs/api_esp8266.js /fwbuild-volumes/2.2/apps/my-app/esp8266/build_contexts/build_ctx_061252532/fs/index.html /fwbuild-volumes/2.2/apps/my-app/esp8266/build_contexts/build_ctx_061252532/fs/init.js' 'MGOS_HAVE_MONGOOSE=1' 'MGOS_HAVE_RPC_COMMON=1' 'MGOS_HAVE_WIFI=1' 'APP_SOURCES=/fwbuild-volumes/2.2/apps/my-app/esp8266/build_contexts/build_ctx_061252532/src/main.c /fwbuild-volumes/2.2/apps/my-app/esp8266/build_contexts/build_ctx_061252532/build/gen/mgos_deps_init.c /fwbuild-volumes/2.2/apps/my-app/esp8266/build_contexts/build_ctx_061252532/libs/ca-bundle/src/mgos_ca_bundle.c /fwbuild-volumes/2.2/apps/my-app/esp8266/build_contexts/build_ctx_061252532/libs/dht/src/mgos_dht.c /fwbuild-volumes/2.2/apps/my-app/esp8266/build_contexts/build_ctx_061252532/libs/mjs/src/mos_mjs.c /fwbuild-volumes/2.2/apps/my-app/esp8266/build_contexts/build_ctx_061252532/modules/mjs_module/mjs.c /fwbuild-volumes/2.2/apps/my-app/esp8266/build_contexts/build_ctx_061252532/libs/mjs/esp8266/src/esp8266_mjs.c /fwbuild-volumes/2.2/apps/my-app/esp8266/build_contexts/build_ctx_061252532/libs/mqtt/src/mgos_mqtt.c /fwbuild-volumes/2.2/apps/my-app/esp8266/build_contexts/build_ctx_061252532/libs/rpc-common/src/mg_rpc/mg_rpc.c /fwbuild-volumes/2.2/apps/my-app/esp8266/build_contexts/build_ctx_061252532/libs/rpc-common/src/mg_rpc/mg_rpc_channel.c /fwbuild-volumes/2.2/apps/my-app/esp8266/build_contexts/build_ctx_061252532/libs/rpc-common/src/mg_rpc/mg_rpc_channel_http.c /fwbuild-volumes/2.2/apps/my-app/esp8266/build_contexts/build_ctx_061252532/libs/rpc-common/src/mg_rpc/mg_rpc_channel_ws.c /fwbuild-volumes/2.2/apps/my-app/esp8266/build_contexts/build_ctx_061252532/libs/rpc-common/src/mgos_rpc.c /fwbuild-volumes/2.2/apps/my-app/esp8266/build_contexts/build_ctx_061252532/libs/rpc-mqtt/src/mgos_rpc_channel_mqtt.c /fwbuild-volumes/2.2/apps/my-app/esp8266/build_contexts/build_ctx_061252532/libs/rpc-service-config/src/mgos_service_config.c /fwbuild-volumes/2.2/apps/my-app/esp8266/build_contexts/build_ctx_061252532/libs/rpc-service-fs/src/mgos_service_filesystem.c /fwbuild-volumes/2.2/apps/my-app/esp8266/build_contexts/build_ctx_061252532/libs/rpc-uart/src/mgos_rpc_channel_uart.c /fwbuild-volumes/2.2/apps/my-app/esp8266/build_contexts/build_ctx_061252532/libs/wifi/src/mgos_wifi.c /fwbuild-volumes/2.2/apps/my-app/esp8266/build_contexts/build_ctx_061252532/libs/wifi/src/mjs_wifi.c /fwbuild-volumes/2.2/apps/my-app/esp8266/build_contexts/build_ctx_061252532/libs/wifi/esp8266/src/esp_wifi.c' 'MANIFEST_FINAL=/fwbuild-volumes/2.2/apps/my-app/esp8266/build_contexts/build_ctx_061252532/build/gen/mos_final.yml' 'APP_CFLAGS=-DMG_ENABLE_DNS=1 -DMGOS_HAVE_MQTT=1 -DMGOS_HAVE_RPC_COMMON=1 -DMGOS_HAVE_RPC_SERVICE_CONFIG=1 -DMG_ENABLE_MQTT=1 -DMGOS_ENABLE_RPC_CHANNEL_HTTP=1 -DMG_ENABLE_DNS_SERVER=1 -DMGOS_HAVE_CA_BUNDLE=1 -DMGOS_HAVE_RPC_MQTT=1 -DMGOS_HAVE_DHT=1 -DMGOS_ENABLE_SYS_SERVICE=1 -DMGOS_HAVE_MONGOOSE=1 -DMGOS_WIFI_ENABLE_AP_STA=1 -DMGOS_HAVE_MJS=1 -DMGOS_HAVE_RPC_SERVICE_FS=1 -DMG_ENABLE_SNTP=1 -DMGOS_ENABLE_RPC_CHANNEL_WS=1 -DMGOS_HAVE_RPC_UART=1 -DMGOS_HAVE_WIFI=1' 'APP_BIN_LIBS=/fwbuild-volumes/2.2/apps/my-app/esp8266/build_contexts/build_ctx_061252532/libs/mongoose/lib/esp8266/libmongoose.a' 'APP=my-app' 'APP_INCLUDES=/fwbuild-volumes/2.2/apps/my-app/esp8266/build_contexts/build_ctx_061252532/libs/mongoose/include /fwbuild-volumes/2.2/apps/my-app/esp8266/build_contexts/build_ctx_061252532/libs/dht/include /fwbuild-volumes/2.2/apps/my-app/esp8266/build_contexts/build_ctx_061252532/libs/mjs/include /fwbuild-volumes/2.2/apps/my-app/esp8266/build_contexts/build_ctx_061252532/libs/mqtt/include /fwbuild-volumes/2.2/apps/my-app/esp8266/build_contexts/build_ctx_061252532/libs/rpc-common/include/mg_rpc /fwbuild-volumes/2.2/apps/my-app/esp8266/build_contexts/build_ctx_061252532/libs/rpc-common/include /fwbuild-volumes/2.2/apps/my-app/esp8266/build_contexts/build_ctx_061252532/libs/rpc-mqtt/include /fwbuild-volumes/2.2/apps/my-app/esp8266/build_contexts/build_ctx_061252532/libs/rpc-service-config/include /fwbuild-volumes/2.2/apps/my-app/esp8266/build_contexts/build_ctx_061252532/libs/rpc-service-fs/include /fwbuild-volumes/2.2/apps/my-app/esp8266/build_contexts/build_ctx_061252532/libs/rpc-uart/include /fwbuild-volumes/2.2/apps/my-app/esp8266/build_contexts/build_ctx_061252532/libs/wifi/include' 'MGOS_HAVE_MQTT=1' 'MGOS_HAVE_DHT=1' 'APP_VERSION=1.0' 'APP_CXXFLAGS=-DMGOS_HAVE_DHT=1 -DMGOS_ENABLE_SYS_SERVICE=1 -DMGOS_HAVE_MONGOOSE=1 -DMGOS_WIFI_ENABLE_AP_STA=1 -DMGOS_HAVE_MJS=1 -DMGOS_HAVE_RPC_SERVICE_FS=1 -DMG_ENABLE_SNTP=1 -DMGOS_ENABLE_RPC_CHANNEL_WS=1 -DMGOS_HAVE_RPC_UART=1 -DMGOS_HAVE_WIFI=1 -DMG_ENABLE_DNS=1 -DMGOS_HAVE_MQTT=1 -DMGOS_HAVE_RPC_COMMON=1 -DMGOS_HAVE_RPC_SERVICE_CONFIG=1 -DMG_ENABLE_MQTT=1 -DMGOS_ENABLE_RPC_CHANNEL_HTTP=1 -DMG_ENABLE_DNS_SERVER=1 -DMGOS_HAVE_CA_BUNDLE=1 -DMGOS_HAVE_RPC_MQTT=1' 'BUILD_DIR=/fwbuild-volumes/2.2/apps/my-app/esp8266/build_contexts/build_ctx_061252532/build/objs' 'MGOS_HAVE_RPC_MQTT=1' 'MGOS_HAVE_RPC_SERVICE_CONFIG=1' 'PLATFORM=esp8266' 'FS_STAGING_DIR=build/fs' 'MGOS_HAVE_MJS=1' 'MGOS_HAVE_RPC_UART=1' 'MGOS_HAVE_RPC_SERVICE_FS=1' 'MGOS_HAVE_CA_BUNDLE=1' 'MGOS_PATH=/mongoose-os' 'APP_CONF_SCHEMA=/fwbuild-volumes/2.2/apps/my-app/esp8266/build_contexts/build_ctx_061252532/build/gen/mos_conf_schema.yml'
make: Entering directory '/app'
make: Nothing to be done for 'all'.
make: Leaving directory '/app'
Success, built my-app/esp8266 version 1.0 (20180610-111915/???).
Firmware saved to build/fw.zip
